[2021-03-08 17:20:20] : text
[2021-03-08 17:20:52] : None
[2021-03-08 17:20:52] : clip : %(filename)s(%(lineno)d)
[2021-03-08 17:20:52] : None
[2021-03-08 17:20:52] : owari
[2021-03-08 17:21:01] : None
[2021-03-08 17:21:01] : count1.wav wo nagasu
[2021-03-08 17:21:01] : None
[2021-03-08 17:21:01] : owari
[2021-03-08 17:23:32] : None
[2021-03-08 17:23:32] : clip : infoLog
[2021-03-08 17:23:32] : None
[2021-03-08 17:23:32] : owari
[2021-03-08 17:24:05] : None
[2021-03-08 17:24:05] : clip : h	    # __file__ : [absolute p
[2021-03-08 17:24:05] : None
[2021-03-08 17:24:05] : owari
[2021-03-08 17:24:59]util.py(269): ['replace', '\\r\\n', '\\t', 'string=', '']
[2021-03-08 17:24:59]util.py(269): clip : h	    # __file__ : [absolute p
[2021-03-08 17:24:59]util.py(269): ['end', '']
[2021-03-08 17:24:59]util.py(269): owari
[2021-03-08 17:25:16]util.py(269): ['replace', '\\r\\n', '\\t', 'string=', '']
[2021-03-08 17:25:16]util.py(269): clip : 	    txtlistlist = util.re
[2021-03-08 17:25:16]util.py(269): ['end', '']
[2021-03-08 17:25:16]util.py(269): owari
[2021-03-08 17:25:49]util.py(269): ['replace', '\\r\\n', '\\t', 'string=', '']
[2021-03-08 17:25:49]util.py(269): clip : txtlistlist
[2021-03-08 17:25:49]util.py(269): ['end', '']
[2021-03-08 17:25:49]util.py(269): owari
[2021-03-08 17:26:38]util.py(269): ['clickp', 'x=500', 'y=500', 'clickduration=1.0', 'pause=1', '']
[2021-03-08 17:26:39]util.py(269): 500, 500 wo clickp
[2021-03-08 17:26:40]util.py(269): ['dragp', 'x=700', 'y=500', 'dragduration=0.9', 'pause=1', '']
[2021-03-08 17:26:42]util.py(269): 700, 500 wo dragp
[2021-03-08 17:26:43]util.py(269): ['dragp', 'x=700', 'y=700', 'dragduration=0.8', 'pause=1', '']
[2021-03-08 17:26:44]util.py(269): 700, 700 wo dragp
[2021-03-08 17:26:45]util.py(269): ['dragp', 'x=500', 'y=700', 'dragduration=0.7', 'pause=1', '']
[2021-03-08 17:27:35] : ['clickp', 'x=500', 'y=500', 'clickduration=1.0', 'pause=1', '']
[2021-03-08 17:27:36] : 500, 500 wo clickp
[2021-03-08 17:27:37] : ['dragp', 'x=700', 'y=500', 'dragduration=0.9', 'pause=1', '']
[2021-03-08 17:27:38] : 700, 500 wo dragp
[2021-03-08 17:27:39] : ['dragp', 'x=700', 'y=700', 'dragduration=0.8', 'pause=1', '']
[2021-03-08 17:27:41] : 700, 700 wo dragp
[2021-03-08 17:27:42] : ['dragp', 'x=500', 'y=700', 'dragduration=0.7', 'pause=1', '']
[2021-03-08 17:27:43] : 500, 700 wo dragp
[2021-03-08 17:27:44] : ['dragp', 'x=500', 'y=520', 'dragduration=0.6', 'pause=1', '']
[2021-03-08 17:27:44] : 500, 520 wo dragp
[2021-03-08 17:27:45] : ['dragp', 'x=680', 'y=520', 'dragduration=0.5', 'pause=1', '']
